<?xml version="1.0" encoding="UTF-8"?>
<testsuite name="TaskTest" tests="5" skipped="0" failures="0" errors="0" timestamp="2015-08-24T04:49:26" hostname="Leslies-MacBook-Pro.local" time="0.292">
  <properties/>
  <testcase name="equals_returnsTrueIfDescriptionsAretheSame" classname="TaskTest" time="0.138"/>
  <testcase name="save_returnsTrueIfDescriptionsAretheSame" classname="TaskTest" time="0.064"/>
  <testcase name="all_emptyAtFirst" classname="TaskTest" time="0.022"/>
  <testcase name="save_assignsIdToObject" classname="TaskTest" time="0.033"/>
  <testcase name="find_findsTaskInDatabase_true" classname="TaskTest" time="0.033"/>
  <system-out><![CDATA[]]></system-out>
  <system-err><![CDATA[]]></system-err>
</testsuite>
