<?xml version="1.0" encoding="UTF-8"?>
<testsuite name="CategoryTest" tests="5" skipped="0" failures="0" errors="0" timestamp="2015-08-25T21:40:37" hostname="Leslies-MacBook-Pro.local" time="0.306">
  <properties/>
  <testcase name="getTasks_retrievesALlTasksFromDatabase_tasksList" classname="CategoryTest" time="0.209"/>
  <testcase name="equals_returnsTrueIfNamesAretheSame" classname="CategoryTest" time="0.012"/>
  <testcase name="all_emptyAtFirst" classname="CategoryTest" time="0.022"/>
  <testcase name="find_findCategoryInDatabase_true" classname="CategoryTest" time="0.032"/>
  <testcase name="save_savesIntoDatabase_true" classname="CategoryTest" time="0.029"/>
  <system-out><![CDATA[]]></system-out>
  <system-err><![CDATA[]]></system-err>
</testsuite>
