<?xml version="1.0" encoding="UTF-8"?>
<testsuite name="WordTest" tests="8" skipped="0" failures="0" errors="0" timestamp="2015-08-24T04:49:26" hostname="Leslies-MacBook-Pro.local" time="0.009">
  <properties/>
  <testcase name="find_returnsWordWithSameId_secondWord" classname="WordTest" time="0.0"/>
  <testcase name="newId_wordsInstantiateWithAnID_true" classname="WordTest" time="0.0"/>
  <testcase name="Word_instantiatesCorrectly_true" classname="WordTest" time="0.0"/>
  <testcase name="clear_emptiesAllWordsFromArrayList" classname="WordTest" time="0.001"/>
  <testcase name="find_returnsNullWhenNoWordFound_null" classname="WordTest" time="0.001"/>
  <testcase name="all_returnsAllInstancesOfWord_true" classname="WordTest" time="0.001"/>
  <testcase name="word_instantiatesWithDescription_true" classname="WordTest" time="0.0"/>
  <testcase name="getName_returnsName_true" classname="WordTest" time="0.0"/>
  <system-out><![CDATA[]]></system-out>
  <system-err><![CDATA[]]></system-err>
</testsuite>
